#
# There is insufficient memory for the Java Runtime Environment to continue.
# Native memory allocation (malloc) failed to allocate 731536 bytes for Chunk::new
# Possible reasons:
#   The system is out of physical RAM or swap space
#   The process is running with CompressedOops enabled, and the Java Heap may be blocking the growth of the native heap
# Possible solutions:
#   Reduce memory load on the system
#   Increase physical memory or swap space
#   Check if swap backing store is full
#   Decrease Java heap size (-Xmx/-Xms)
#   Decrease number of Java threads
#   Decrease Java thread stack sizes (-Xss)
#   Set larger code cache with -XX:ReservedCodeCacheSize=
#   JVM is running with Unscaled Compressed Oops mode in which the Java heap is
#     placed in the first 4GB address space. The Java Heap base address is the
#     maximum limit for the native heap growth. Please use -XX:HeapBaseMinAddress
#     to set the Java Heap base and to place the Java Heap above 4GB virtual address.
# This output file may be truncated or incomplete.
#
#  Out of Memory Error (./src/hotspot/share/memory/arena.cpp:197), pid=10500, tid=4812
#
# JRE version: OpenJDK Runtime Environment (11.0.8+10) (build 11.0.8+10-b944.6842174)
# Java VM: OpenJDK 64-Bit Server VM (11.0.8+10-b944.6842174, mixed mode, tiered, compressed oops, g1 gc, windows-amd64)
# No core dump will be written. Minidumps are not enabled by default on client versions of Windows
#

---------------  S U M M A R Y ------------

Command Line: --add-opens=java.base/java.util=ALL-UNNAMED --add-opens=java.base/java.lang=ALL-UNNAMED --add-opens=java.base/java.lang.invoke=ALL-UNNAMED --add-opens=java.prefs/java.util.prefs=ALL-UNNAMED -Xmx2048m -Dfile.encoding=UTF-8 -Duser.country=ID -Duser.language=en -Duser.variant org.gradle.launcher.daemon.bootstrap.GradleDaemon 6.5

Host: AMD Ryzen 5 3500U with Radeon Vega Mobile Gfx  , 8 cores, 5G,  Windows 10 , 64 bit Build 19041 (10.0.19041.928)
Time: Tue Jun  8 16:52:27 2021 SE Asia Standard Time elapsed time: 59 seconds (0d 0h 0m 59s)

---------------  T H R E A D  ---------------

Current thread (0x0000029967085800):  JavaThread "C2 CompilerThread1" daemon [_thread_in_native, id=4812, stack(0x000000a5d6600000,0x000000a5d6700000)]


Current CompileTask:
C2:  59401 11286       4       org.gradle.api.internal.tasks.compile.incremental.deps.ClassSetAnalysisData$Serializer::readClassName (63 bytes)

Stack: [0x000000a5d6600000,0x000000a5d6700000]
Native frames: (J=compiled Java code, j=interpreted, Vv=VM code, C=native code)
V  [jvm.dll+0x5de50a]
V  [jvm.dll+0x7122f5]
V  [jvm.dll+0x71384d]
V  [jvm.dll+0x713f03]
V  [jvm.dll+0x23e728]
V  [jvm.dll+0xb899c]
V  [jvm.dll+0xb8e9c]
V  [jvm.dll+0x35024d]
V  [jvm.dll+0x31dea3]
V  [jvm.dll+0x31d39a]
V  [jvm.dll+0x1f7702]
V  [jvm.dll+0x1f68d4]
V  [jvm.dll+0x17f32c]
V  [jvm.dll+0x205047]
V  [jvm.dll+0x203891]
V  [jvm.dll+0x6dad3f]
V  [jvm.dll+0x6d3895]
V  [jvm.dll+0x5dd4a6]
C  [ucrtbase.dll+0x21bb2]
C  [KERNEL32.DLL+0x17034]
C  [ntdll.dll+0x52651]


---------------  P R O C E S S  ---------------

Threads class SMR info:
_java_thread_list=0x0000029966a7b800, length=154, elements={
0x00000299442a8000, 0x0000029960538800, 0x000002996053c000, 0x0000029960ee3000,
0x0000029960552000, 0x0000029960554000, 0x000002996055b800, 0x000002996055d000,
0x0000029961019800, 0x0000029961035800, 0x0000029962891000, 0x00000299620c3800,
0x00000299624dd000, 0x0000029962377800, 0x00000299620da800, 0x000002996224d000,
0x00000299628f5000, 0x000002996264c000, 0x0000029962733000, 0x0000029962745000,
0x000002996140b000, 0x0000029961409800, 0x0000029961407000, 0x0000029961406000,
0x0000029961408000, 0x000002996140a800, 0x0000029961408800, 0x000002996140c800,
0x000002996140c000, 0x000002996128f000, 0x000002996128e000, 0x0000029961289000,
0x000002996128d000, 0x000002996128f800, 0x000002996128b800, 0x000002996128a000,
0x000002996128c800, 0x0000029961296000, 0x0000029961291800, 0x0000029961290800,
0x0000029961297000, 0x0000029961292000, 0x0000029961293000, 0x0000029961298000,
0x0000029961293800, 0x0000029961294800, 0x0000029961295800, 0x0000029965212800,
0x0000029965216000, 0x0000029965214800, 0x0000029965215000, 0x0000029965212000,
0x0000029965210000, 0x0000029965213800, 0x0000029965216800, 0x0000029965211000,
0x000002996521b000, 0x0000029965219000, 0x000002996521a000, 0x000002996521d800,
0x000002996521b800, 0x000002996521c800, 0x0000029965217800, 0x000002996521e000,
0x0000029965218800, 0x000002996521f000, 0x0000029962a0b000, 0x0000029962a08000,
0x0000029962a08800, 0x0000029962a09800, 0x0000029962a0c000, 0x0000029962a0c800,
0x0000029962a0a800, 0x0000029962a07000, 0x0000029962a12800, 0x0000029962a11000,
0x0000029962a13800, 0x0000029962a11800, 0x0000029962a0d800, 0x0000029962a10000,
0x0000029962a14000, 0x0000029962a0e800, 0x0000029962a0f000, 0x0000029962a15000,
0x0000029962a15800, 0x0000029966678800, 0x0000029966679000, 0x000002996667b000,
0x0000029966677800, 0x000002996667a000, 0x000002996667b800, 0x0000029966676800,
0x0000029966676000, 0x000002996667e000, 0x000002996667f000, 0x000002996667c800,
0x000002996667f800, 0x0000029966680800, 0x0000029966681800, 0x0000029966682000,
0x0000029966683000, 0x000002996667d800, 0x0000029966684000, 0x0000029966684800,
0x00000299663de800, 0x00000299663df800, 0x00000299663e1000, 0x00000299663e2000,
0x00000299663dd800, 0x00000299663dc000, 0x00000299663dd000, 0x00000299663e5000,
0x00000299663e6000, 0x00000299663e2800, 0x00000299663e0000, 0x00000299663e9000,
0x00000299663e7800, 0x00000299663e6800, 0x00000299663e8800, 0x00000299663e3800,
0x00000299663ea000, 0x00000299663e4800, 0x00000299663eb000, 0x0000029966518000,
0x0000029966515000, 0x0000029966515800, 0x0000029966516800, 0x0000029966517800,
0x0000029966519000, 0x0000029966513000, 0x000002996651a000, 0x000002996651a800,
0x000002996651f800, 0x0000029966514000, 0x0000029966520800, 0x000002996651c000,
0x000002996651d000, 0x0000029966521000, 0x000002996651b800, 0x000002996651e800,
0x0000029966522000, 0x000002996707e000, 0x000002996707f000, 0x000002996707d800,
0x000002996707c800, 0x0000029967080000, 0x0000029967080800, 0x000002996707b000,
0x0000029967081800, 0x000002996707b800, 0x0000029967082000, 0x0000029967088000,
0x0000029967084800, 0x0000029967085800
}

Java Threads: ( => current thread )
  0x00000299442a8000 JavaThread "main" [_thread_blocked, id=13260, stack(0x000000a5cbc00000,0x000000a5cbd00000)]
  0x0000029960538800 JavaThread "Reference Handler" daemon [_thread_blocked, id=2020, stack(0x000000a5cc300000,0x000000a5cc400000)]
  0x000002996053c000 JavaThread "Finalizer" daemon [_thread_blocked, id=752, stack(0x000000a5cc400000,0x000000a5cc500000)]
  0x0000029960ee3000 JavaThread "Signal Dispatcher" daemon [_thread_blocked, id=4792, stack(0x000000a5cc500000,0x000000a5cc600000)]
  0x0000029960552000 JavaThread "Attach Listener" daemon [_thread_blocked, id=1660, stack(0x000000a5cc600000,0x000000a5cc700000)]
  0x0000029960554000 JavaThread "C2 CompilerThread0" daemon [_thread_in_native, id=8764, stack(0x000000a5cc700000,0x000000a5cc800000)]
  0x000002996055b800 JavaThread "C1 CompilerThread0" daemon [_thread_in_native, id=2832, stack(0x000000a5cc800000,0x000000a5cc900000)]
  0x000002996055d000 JavaThread "Sweeper thread" daemon [_thread_blocked, id=10088, stack(0x000000a5cc900000,0x000000a5cca00000)]
  0x0000029961019800 JavaThread "Common-Cleaner" daemon [_thread_blocked, id=3888, stack(0x000000a5cca00000,0x000000a5ccb00000)]
  0x0000029961035800 JavaThread "Service Thread" daemon [_thread_blocked, id=5388, stack(0x000000a5ccb00000,0x000000a5ccc00000)]
  0x0000029962891000 JavaThread "Daemon health stats" [_thread_blocked, id=9772, stack(0x000000a5ccd00000,0x000000a5cce00000)]
  0x00000299620c3800 JavaThread "Incoming local TCP Connector on port 60283" [_thread_in_native, id=7436, stack(0x000000a5cd100000,0x000000a5cd200000)]
  0x00000299624dd000 JavaThread "Daemon periodic checks" [_thread_blocked, id=13000, stack(0x000000a5cd200000,0x000000a5cd300000)]
  0x0000029962377800 JavaThread "Daemon" [_thread_blocked, id=9964, stack(0x000000a5cd300000,0x000000a5cd400000)]
  0x00000299620da800 JavaThread "Handler for socket connection from /127.0.0.1:60283 to /127.0.0.1:60284" [_thread_in_native, id=5532, stack(0x000000a5cd400000,0x000000a5cd500000)]
  0x000002996224d000 JavaThread "Cancel handler" [_thread_blocked, id=11324, stack(0x000000a5cd500000,0x000000a5cd600000)]
  0x00000299628f5000 JavaThread "Daemon worker" [_thread_blocked, id=11156, stack(0x000000a5cd600000,0x000000a5cd700000)]
  0x000002996264c000 JavaThread "Asynchronous log dispatcher for DefaultDaemonConnection: socket connection from /127.0.0.1:60283 to /127.0.0.1:60284" [_thread_blocked, id=5788, stack(0x000000a5cd700000,0x000000a5cd800000)]
  0x0000029962733000 JavaThread "Stdin handler" [_thread_blocked, id=11572, stack(0x000000a5cd800000,0x000000a5cd900000)]
  0x0000029962745000 JavaThread "Thread-8" [_thread_blocked, id=12292, stack(0x000000a5ce100000,0x000000a5ce200000)]
  0x000002996140b000 JavaThread "Cache worker for journal cache (C:\Users\HP\.gradle\caches\journal-1)" [_thread_blocked, id=3800, stack(0x000000a5ce200000,0x000000a5ce300000)]
  0x0000029961409800 JavaThread "File lock request listener" [_thread_in_native, id=5092, stack(0x000000a5ce300000,0x000000a5ce400000)]
  0x0000029961407000 JavaThread "Cache worker for file hash cache (C:\Users\HP\.gradle\caches\6.5\fileHashes)" [_thread_blocked, id=8696, stack(0x000000a5ce400000,0x000000a5ce500000)]
  0x0000029961406000 JavaThread "Cache worker for file hash cache (D:\Smester4\app_mobile\Minggu7_SQLite\.gradle\6.5\fileHashes)" [_thread_blocked, id=4464, stack(0x000000a5ce700000,0x000000a5ce800000)]
  0x0000029961408000 JavaThread "Cache worker for checksums cache (D:\Smester4\app_mobile\Minggu7_SQLite\.gradle\checksums)" [_thread_blocked, id=2568, stack(0x000000a5ce600000,0x000000a5ce700000)]
  0x000002996140a800 JavaThread "Cache worker for cache directory md-supplier (C:\Users\HP\.gradle\caches\6.5\md-supplier)" [_thread_blocked, id=12272, stack(0x000000a5ce800000,0x000000a5ce900000)]
  0x0000029961408800 JavaThread "Cache worker for cache directory md-rule (C:\Users\HP\.gradle\caches\6.5\md-rule)" [_thread_blocked, id=4264, stack(0x000000a5ce900000,0x000000a5cea00000)]
  0x000002996140c800 JavaThread "Cache worker for execution history cache (C:\Users\HP\.gradle\caches\6.5\executionHistory)" [_thread_blocked, id=4000, stack(0x000000a5cea00000,0x000000a5ceb00000)]
  0x000002996140c000 JavaThread "jar transforms" [_thread_blocked, id=9000, stack(0x000000a5ceb00000,0x000000a5cec00000)]
  0x000002996128f000 JavaThread "Cache worker for file content cache (C:\Users\HP\.gradle\caches\6.5\fileContent)" [_thread_blocked, id=3916, stack(0x000000a5cec00000,0x000000a5ced00000)]
  0x000002996128e000 JavaThread "Build operations" [_thread_in_native, id=13104, stack(0x000000a5cee00000,0x000000a5cef00000)]
  0x0000029961289000 JavaThread "Build operations Thread 2" [_thread_in_native, id=12280, stack(0x000000a5cef00000,0x000000a5cf000000)]
  0x000002996128d000 JavaThread "Build operations Thread 3" [_thread_blocked, id=4092, stack(0x000000a5cf000000,0x000000a5cf100000)]
  0x000002996128f800 JavaThread "Build operations Thread 4" [_thread_in_native, id=13020, stack(0x000000a5cf100000,0x000000a5cf200000)]
  0x000002996128b800 JavaThread "Build operations Thread 5" [_thread_in_native, id=11052, stack(0x000000a5cf200000,0x000000a5cf300000)]
  0x000002996128a000 JavaThread "Build operations Thread 6" [_thread_blocked, id=5980, stack(0x000000a5cf300000,0x000000a5cf400000)]
  0x000002996128c800 JavaThread "Build operations Thread 7" [_thread_in_native, id=2004, stack(0x000000a5cf400000,0x000000a5cf500000)]
  0x0000029961296000 JavaThread "Build operations Thread 8" [_thread_blocked, id=6568, stack(0x000000a5cf500000,0x000000a5cf600000)]
  0x0000029961291800 JavaThread "jar transforms Thread 2" [_thread_blocked, id=3748, stack(0x000000a5cf600000,0x000000a5cf700000)]
  0x0000029961290800 JavaThread "jar transforms Thread 3" [_thread_blocked, id=7832, stack(0x000000a5cf700000,0x000000a5cf800000)]
  0x0000029961297000 JavaThread "jar transforms Thread 4" [_thread_blocked, id=1144, stack(0x000000a5cf800000,0x000000a5cf900000)]
  0x0000029961292000 JavaThread "jar transforms Thread 5" [_thread_blocked, id=10280, stack(0x000000a5cf900000,0x000000a5cfa00000)]
  0x0000029961293000 JavaThread "jar transforms Thread 6" [_thread_blocked, id=10360, stack(0x000000a5cfa00000,0x000000a5cfb00000)]
  0x0000029961298000 JavaThread "jar transforms Thread 7" [_thread_blocked, id=9872, stack(0x000000a5cfb00000,0x000000a5cfc00000)]
  0x0000029961293800 JavaThread "jar transforms Thread 8" [_thread_blocked, id=13188, stack(0x000000a5cfc00000,0x000000a5cfd00000)]
  0x0000029961294800 JavaThread "jar transforms Thread 9" [_thread_blocked, id=8912, stack(0x000000a5cfd00000,0x000000a5cfe00000)]
  0x0000029961295800 JavaThread "jar transforms Thread 10" [_thread_blocked, id=1056, stack(0x000000a5cfe00000,0x000000a5cff00000)]
  0x0000029965212800 JavaThread "jar transforms Thread 11" [_thread_blocked, id=10472, stack(0x000000a5cff00000,0x000000a5d0000000)]
  0x0000029965216000 JavaThread "jar transforms Thread 12" [_thread_blocked, id=13120, stack(0x000000a5d0000000,0x000000a5d0100000)]
  0x0000029965214800 JavaThread "jar transforms Thread 13" [_thread_blocked, id=3380, stack(0x000000a5d0100000,0x000000a5d0200000)]
  0x0000029965215000 JavaThread "jar transforms Thread 14" [_thread_blocked, id=9104, stack(0x000000a5d0200000,0x000000a5d0300000)]
  0x0000029965212000 JavaThread "jar transforms Thread 15" [_thread_blocked, id=12688, stack(0x000000a5d0300000,0x000000a5d0400000)]
  0x0000029965210000 JavaThread "jar transforms Thread 16" [_thread_blocked, id=1044, stack(0x000000a5d0400000,0x000000a5d0500000)]
  0x0000029965213800 JavaThread "jar transforms Thread 17" [_thread_blocked, id=12960, stack(0x000000a5d0500000,0x000000a5d0600000)]
  0x0000029965216800 JavaThread "jar transforms Thread 18" [_thread_blocked, id=10036, stack(0x000000a5d0600000,0x000000a5d0700000)]
  0x0000029965211000 JavaThread "jar transforms Thread 19" [_thread_blocked, id=12956, stack(0x000000a5d0700000,0x000000a5d0800000)]
  0x000002996521b000 JavaThread "jar transforms Thread 20" [_thread_blocked, id=5988, stack(0x000000a5d0800000,0x000000a5d0900000)]
  0x0000029965219000 JavaThread "jar transforms Thread 21" [_thread_blocked, id=4480, stack(0x000000a5d0900000,0x000000a5d0a00000)]
  0x000002996521a000 JavaThread "jar transforms Thread 22" [_thread_blocked, id=12140, stack(0x000000a5d0a00000,0x000000a5d0b00000)]
  0x000002996521d800 JavaThread "jar transforms Thread 23" [_thread_blocked, id=2736, stack(0x000000a5d0b00000,0x000000a5d0c00000)]
  0x000002996521b800 JavaThread "jar transforms Thread 24" [_thread_blocked, id=3408, stack(0x000000a5d0c00000,0x000000a5d0d00000)]
  0x000002996521c800 JavaThread "jar transforms Thread 25" [_thread_blocked, id=11592, stack(0x000000a5d0d00000,0x000000a5d0e00000)]
  0x0000029965217800 JavaThread "jar transforms Thread 26" [_thread_blocked, id=9956, stack(0x000000a5d0e00000,0x000000a5d0f00000)]
  0x000002996521e000 JavaThread "jar transforms Thread 27" [_thread_blocked, id=6072, stack(0x000000a5d0f00000,0x000000a5d1000000)]
  0x0000029965218800 JavaThread "jar transforms Thread 28" [_thread_blocked, id=1088, stack(0x000000a5d1000000,0x000000a5d1100000)]
  0x000002996521f000 JavaThread "jar transforms Thread 29" [_thread_blocked, id=12868, stack(0x000000a5d1100000,0x000000a5d1200000)]
  0x0000029962a0b000 JavaThread "jar transforms Thread 30" [_thread_blocked, id=10664, stack(0x000000a5d1200000,0x000000a5d1300000)]
  0x0000029962a08000 JavaThread "jar transforms Thread 31" [_thread_blocked, id=1452, stack(0x000000a5d1300000,0x000000a5d1400000)]
  0x0000029962a08800 JavaThread "jar transforms Thread 32" [_thread_blocked, id=2684, stack(0x000000a5d1400000,0x000000a5d1500000)]
  0x0000029962a09800 JavaThread "jar transforms Thread 33" [_thread_blocked, id=2776, stack(0x000000a5d1500000,0x000000a5d1600000)]
  0x0000029962a0c000 JavaThread "jar transforms Thread 34" [_thread_blocked, id=10448, stack(0x000000a5d1600000,0x000000a5d1700000)]
  0x0000029962a0c800 JavaThread "jar transforms Thread 35" [_thread_blocked, id=11188, stack(0x000000a5d1700000,0x000000a5d1800000)]
  0x0000029962a0a800 JavaThread "jar transforms Thread 36" [_thread_blocked, id=10368, stack(0x000000a5d1800000,0x000000a5d1900000)]
  0x0000029962a07000 JavaThread "jar transforms Thread 37" [_thread_blocked, id=3612, stack(0x000000a5d1900000,0x000000a5d1a00000)]
  0x0000029962a12800 JavaThread "jar transforms Thread 38" [_thread_blocked, id=8012, stack(0x000000a5d1a00000,0x000000a5d1b00000)]
  0x0000029962a11000 JavaThread "jar transforms Thread 39" [_thread_blocked, id=10512, stack(0x000000a5d1b00000,0x000000a5d1c00000)]
  0x0000029962a13800 JavaThread "jar transforms Thread 40" [_thread_blocked, id=7948, stack(0x000000a5d1c00000,0x000000a5d1d00000)]
  0x0000029962a11800 JavaThread "jar transforms Thread 41" [_thread_blocked, id=272, stack(0x000000a5d1d00000,0x000000a5d1e00000)]
  0x0000029962a0d800 JavaThread "jar transforms Thread 42" [_thread_blocked, id=5284, stack(0x000000a5d1e00000,0x000000a5d1f00000)]
  0x0000029962a10000 JavaThread "jar transforms Thread 43" [_thread_blocked, id=7188, stack(0x000000a5d1f00000,0x000000a5d2000000)]
  0x0000029962a14000 JavaThread "jar transforms Thread 44" [_thread_blocked, id=11828, stack(0x000000a5d2000000,0x000000a5d2100000)]
  0x0000029962a0e800 JavaThread "jar transforms Thread 45" [_thread_blocked, id=12660, stack(0x000000a5d2100000,0x000000a5d2200000)]
  0x0000029962a0f000 JavaThread "jar transforms Thread 46" [_thread_blocked, id=3096, stack(0x000000a5d2200000,0x000000a5d2300000)]
  0x0000029962a15000 JavaThread "jar transforms Thread 47" [_thread_blocked, id=4216, stack(0x000000a5d2300000,0x000000a5d2400000)]
  0x0000029962a15800 JavaThread "jar transforms Thread 48" [_thread_blocked, id=5404, stack(0x000000a5d2400000,0x000000a5d2500000)]
  0x0000029966678800 JavaThread "jar transforms Thread 49" [_thread_blocked, id=11880, stack(0x000000a5d2500000,0x000000a5d2600000)]
  0x0000029966679000 JavaThread "jar transforms Thread 50" [_thread_blocked, id=9992, stack(0x000000a5d2600000,0x000000a5d2700000)]
  0x000002996667b000 JavaThread "jar transforms Thread 51" [_thread_blocked, id=13272, stack(0x000000a5d2700000,0x000000a5d2800000)]
  0x0000029966677800 JavaThread "jar transforms Thread 52" [_thread_blocked, id=5400, stack(0x000000a5d2800000,0x000000a5d2900000)]
  0x000002996667a000 JavaThread "jar transforms Thread 53" [_thread_blocked, id=8416, stack(0x000000a5d2900000,0x000000a5d2a00000)]
  0x000002996667b800 JavaThread "jar transforms Thread 54" [_thread_blocked, id=10816, stack(0x000000a5d2a00000,0x000000a5d2b00000)]
  0x0000029966676800 JavaThread "jar transforms Thread 55" [_thread_blocked, id=12840, stack(0x000000a5d2b00000,0x000000a5d2c00000)]
  0x0000029966676000 JavaThread "jar transforms Thread 56" [_thread_blocked, id=10336, stack(0x000000a5d2c00000,0x000000a5d2d00000)]
  0x000002996667e000 JavaThread "jar transforms Thread 57" [_thread_blocked, id=2236, stack(0x000000a5d2d00000,0x000000a5d2e00000)]
  0x000002996667f000 JavaThread "jar transforms Thread 58" [_thread_blocked, id=11076, stack(0x000000a5d2e00000,0x000000a5d2f00000)]
  0x000002996667c800 JavaThread "jar transforms Thread 59" [_thread_blocked, id=3208, stack(0x000000a5d2f00000,0x000000a5d3000000)]
  0x000002996667f800 JavaThread "jar transforms Thread 60" [_thread_blocked, id=12732, stack(0x000000a5d3000000,0x000000a5d3100000)]
  0x0000029966680800 JavaThread "jar transforms Thread 61" [_thread_blocked, id=4108, stack(0x000000a5d3100000,0x000000a5d3200000)]
  0x0000029966681800 JavaThread "jar transforms Thread 62" [_thread_blocked, id=11224, stack(0x000000a5d3200000,0x000000a5d3300000)]
  0x0000029966682000 JavaThread "jar transforms Thread 63" [_thread_blocked, id=7372, stack(0x000000a5d3300000,0x000000a5d3400000)]
  0x0000029966683000 JavaThread "jar transforms Thread 64" [_thread_blocked, id=6296, stack(0x000000a5d3400000,0x000000a5d3500000)]
  0x000002996667d800 JavaThread "jar transforms Thread 65" [_thread_blocked, id=3228, stack(0x000000a5d3500000,0x000000a5d3600000)]
  0x0000029966684000 JavaThread "jar transforms Thread 66" [_thread_blocked, id=8464, stack(0x000000a5d3600000,0x000000a5d3700000)]
  0x0000029966684800 JavaThread "jar transforms Thread 67" [_thread_blocked, id=88, stack(0x000000a5d3700000,0x000000a5d3800000)]
  0x00000299663de800 JavaThread "jar transforms Thread 68" [_thread_blocked, id=2936, stack(0x000000a5d3800000,0x000000a5d3900000)]
  0x00000299663df800 JavaThread "jar transforms Thread 69" [_thread_blocked, id=1412, stack(0x000000a5d3900000,0x000000a5d3a00000)]
  0x00000299663e1000 JavaThread "jar transforms Thread 70" [_thread_blocked, id=5012, stack(0x000000a5d3a00000,0x000000a5d3b00000)]
  0x00000299663e2000 JavaThread "jar transforms Thread 71" [_thread_blocked, id=8776, stack(0x000000a5d3b00000,0x000000a5d3c00000)]
  0x00000299663dd800 JavaThread "jar transforms Thread 72" [_thread_blocked, id=11976, stack(0x000000a5d3c00000,0x000000a5d3d00000)]
  0x00000299663dc000 JavaThread "jar transforms Thread 73" [_thread_blocked, id=7760, stack(0x000000a5d3d00000,0x000000a5d3e00000)]
  0x00000299663dd000 JavaThread "jar transforms Thread 74" [_thread_blocked, id=12648, stack(0x000000a5d3e00000,0x000000a5d3f00000)]
  0x00000299663e5000 JavaThread "jar transforms Thread 75" [_thread_blocked, id=4400, stack(0x000000a5d3f00000,0x000000a5d4000000)]
  0x00000299663e6000 JavaThread "jar transforms Thread 76" [_thread_blocked, id=576, stack(0x000000a5d4000000,0x000000a5d4100000)]
  0x00000299663e2800 JavaThread "jar transforms Thread 77" [_thread_blocked, id=12160, stack(0x000000a5d4100000,0x000000a5d4200000)]
  0x00000299663e0000 JavaThread "jar transforms Thread 78" [_thread_blocked, id=10992, stack(0x000000a5d4200000,0x000000a5d4300000)]
  0x00000299663e9000 JavaThread "jar transforms Thread 79" [_thread_blocked, id=692, stack(0x000000a5d4300000,0x000000a5d4400000)]
  0x00000299663e7800 JavaThread "jar transforms Thread 80" [_thread_blocked, id=7792, stack(0x000000a5d4400000,0x000000a5d4500000)]
  0x00000299663e6800 JavaThread "jar transforms Thread 81" [_thread_blocked, id=3224, stack(0x000000a5d4500000,0x000000a5d4600000)]
  0x00000299663e8800 JavaThread "jar transforms Thread 82" [_thread_blocked, id=4720, stack(0x000000a5d4600000,0x000000a5d4700000)]
  0x00000299663e3800 JavaThread "jar transforms Thread 83" [_thread_blocked, id=1136, stack(0x000000a5d4700000,0x000000a5d4800000)]
  0x00000299663ea000 JavaThread "jar transforms Thread 84" [_thread_blocked, id=9124, stack(0x000000a5d4800000,0x000000a5d4900000)]
  0x00000299663e4800 JavaThread "jar transforms Thread 85" [_thread_blocked, id=7260, stack(0x000000a5d4900000,0x000000a5d4a00000)]
  0x00000299663eb000 JavaThread "jar transforms Thread 86" [_thread_blocked, id=5492, stack(0x000000a5d4a00000,0x000000a5d4b00000)]
  0x0000029966518000 JavaThread "jar transforms Thread 87" [_thread_blocked, id=11112, stack(0x000000a5d4b00000,0x000000a5d4c00000)]
  0x0000029966515000 JavaThread "jar transforms Thread 88" [_thread_blocked, id=11504, stack(0x000000a5d4c00000,0x000000a5d4d00000)]
  0x0000029966515800 JavaThread "jar transforms Thread 89" [_thread_blocked, id=12064, stack(0x000000a5d4d00000,0x000000a5d4e00000)]
  0x0000029966516800 JavaThread "jar transforms Thread 90" [_thread_blocked, id=9932, stack(0x000000a5d4e00000,0x000000a5d4f00000)]
  0x0000029966517800 JavaThread "jar transforms Thread 91" [_thread_blocked, id=4040, stack(0x000000a5d4f00000,0x000000a5d5000000)]
  0x0000029966519000 JavaThread "jar transforms Thread 92" [_thread_blocked, id=11092, stack(0x000000a5d5000000,0x000000a5d5100000)]
  0x0000029966513000 JavaThread "Cache worker for Build Output Cleanup Cache (D:\Smester4\app_mobile\Minggu7_SQLite\.gradle\buildOutputCleanup)" [_thread_blocked, id=808, stack(0x000000a5ced00000,0x000000a5cee00000)]
  0x000002996651a000 JavaThread "pool-1-thread-1" [_thread_blocked, id=6260, stack(0x000000a5d5100000,0x000000a5d5200000)]
  0x000002996651a800 JavaThread "Memory manager" [_thread_blocked, id=2500, stack(0x000000a5d5300000,0x000000a5d5400000)]
  0x000002996651f800 JavaThread "Cache worker for file content cache (D:\Smester4\app_mobile\Minggu7_SQLite\.gradle\6.5\fileContent)" [_thread_blocked, id=3740, stack(0x000000a5d5400000,0x000000a5d5500000)]
  0x0000029966514000 JavaThread "Execution worker for ':'" [_thread_blocked, id=9832, stack(0x000000a5d5200000,0x000000a5d5300000)]
  0x0000029966520800 JavaThread "Execution worker for ':' Thread 2" [_thread_blocked, id=2000, stack(0x000000a5d5500000,0x000000a5d5600000)]
  0x000002996651c000 JavaThread "Execution worker for ':' Thread 3" [_thread_blocked, id=9292, stack(0x000000a5d5600000,0x000000a5d5700000)]
  0x000002996651d000 JavaThread "Execution worker for ':' Thread 4" [_thread_blocked, id=9272, stack(0x000000a5d5700000,0x000000a5d5800000)]
  0x0000029966521000 JavaThread "Execution worker for ':' Thread 5" [_thread_blocked, id=3284, stack(0x000000a5d5800000,0x000000a5d5900000)]
  0x000002996651b800 JavaThread "Execution worker for ':' Thread 6" [_thread_blocked, id=11012, stack(0x000000a5d5900000,0x000000a5d5a00000)]
  0x000002996651e800 JavaThread "Execution worker for ':' Thread 7" [_thread_blocked, id=2240, stack(0x000000a5d5a00000,0x000000a5d5b00000)]
  0x0000029966522000 JavaThread "Cache worker for execution history cache (D:\Smester4\app_mobile\Minggu7_SQLite\.gradle\6.5\executionHistory)" [_thread_blocked, id=8956, stack(0x000000a5d5b00000,0x000000a5d5c00000)]
  0x000002996707e000 JavaThread "pool-2-thread-1" [_thread_blocked, id=11356, stack(0x000000a5d5d00000,0x000000a5d5e00000)]
  0x000002996707f000 JavaThread "stderr" [_thread_in_native, id=6828, stack(0x000000a5d5e00000,0x000000a5d5f00000)]
  0x000002996707d800 JavaThread "stdout" [_thread_in_native, id=6896, stack(0x000000a5d5f00000,0x000000a5d6000000)]
  0x000002996707c800 JavaThread "stderr" [_thread_in_native, id=10704, stack(0x000000a5d6000000,0x000000a5d6100000)]
  0x0000029967080000 JavaThread "stdout" [_thread_in_native, id=12640, stack(0x000000a5d6100000,0x000000a5d6200000)]
  0x0000029967080800 JavaThread "stderr" [_thread_in_native, id=10232, stack(0x000000a5d6200000,0x000000a5d6300000)]
  0x000002996707b000 JavaThread "stdout" [_thread_in_native, id=2228, stack(0x000000a5d6300000,0x000000a5d6400000)]
  0x0000029967081800 JavaThread "stderr" [_thread_in_native, id=5048, stack(0x000000a5d6400000,0x000000a5d6500000)]
  0x000002996707b800 JavaThread "stdout" [_thread_in_native, id=256, stack(0x000000a5d6500000,0x000000a5d6600000)]
  0x0000029967082000 JavaThread "WorkerExecutor Queue" [_thread_blocked, id=6092, stack(0x000000a5d5c00000,0x000000a5d5d00000)]
  0x0000029967088000 JavaThread "Cache worker for Java compile cache (C:\Users\HP\.gradle\caches\6.5\javaCompile)" [_thread_blocked, id=3564, stack(0x000000a5d6700000,0x000000a5d6800000)]
  0x0000029967084800 JavaThread "Cache worker for Java compile cache (D:\Smester4\app_mobile\Minggu7_SQLite\.gradle\6.5\javaCompile)" [_thread_blocked, id=12312, stack(0x000000a5d6800000,0x000000a5d6900000)]
=>0x0000029967085800 JavaThread "C2 CompilerThread1" daemon [_thread_in_native, id=4812, stack(0x000000a5d6600000,0x000000a5d6700000)]

Other Threads:
  0x0000029960532000 VMThread "VM Thread" [stack: 0x000000a5cc200000,0x000000a5cc300000] [id=4908]
  0x0000029961036800 WatcherThread [stack: 0x000000a5ccc00000,0x000000a5ccd00000] [id=9640]
  0x00000299442c0800 GCTaskThread "GC Thread#0" [stack: 0x000000a5cbd00000,0x000000a5cbe00000] [id=4432]
  0x000002996188c800 GCTaskThread "GC Thread#1" [stack: 0x000000a5cce00000,0x000000a5ccf00000] [id=10628]
  0x0000029962023000 GCTaskThread "GC Thread#2" [stack: 0x000000a5cd900000,0x000000a5cda00000] [id=8336]
  0x0000029962452000 GCTaskThread "GC Thread#3" [stack: 0x000000a5cda00000,0x000000a5cdb00000] [id=6848]
  0x00000299625c3800 GCTaskThread "GC Thread#4" [stack: 0x000000a5cdb00000,0x000000a5cdc00000] [id=11700]
  0x00000299625c4000 GCTaskThread "GC Thread#5" [stack: 0x000000a5cdc00000,0x000000a5cdd00000] [id=12276]
  0x00000299625c5000 GCTaskThread "GC Thread#6" [stack: 0x000000a5cdd00000,0x000000a5cde00000] [id=9516]
  0x00000299625c6000 GCTaskThread "GC Thread#7" [stack: 0x000000a5cde00000,0x000000a5cdf00000] [id=12832]
  0x00000299442f4800 ConcurrentGCThread "G1 Main Marker" [stack: 0x000000a5cbe00000,0x000000a5cbf00000] [id=10680]
  0x00000299442f7000 ConcurrentGCThread "G1 Conc#0" [stack: 0x000000a5cbf00000,0x000000a5cc000000] [id=10508]
  0x0000029961c24800 ConcurrentGCThread "G1 Conc#1" [stack: 0x000000a5ce500000,0x000000a5ce600000] [id=6472]
  0x000002994437b000 ConcurrentGCThread "G1 Refine#0" [stack: 0x000000a5cc000000,0x000000a5cc100000] [id=12328]
  0x0000029961f4e800 ConcurrentGCThread "G1 Refine#1" [stack: 0x000000a5cdf00000,0x000000a5ce000000] [id=11908]
  0x0000029961c26000 ConcurrentGCThread "G1 Refine#2" [stack: 0x000000a5ce000000,0x000000a5ce100000] [id=5056]
  0x000002994437c000 ConcurrentGCThread "G1 Young RemSet Sampling" [stack: 0x000000a5cc100000,0x000000a5cc200000] [id=7256]

Threads with active compile tasks:
C2 CompilerThread0  59732 11284       4       java.net.URLClassLoader$1::run (5 bytes)
C2 CompilerThread1  59732 11286       4       org.gradle.api.internal.tasks.compile.incremental.deps.ClassSetAnalysisData$Serializer::readClassName (63 bytes)

VM state:not at safepoint (normal execution)

VM Mutex/Monitor currently owned by a thread: None

Heap address: 0x0000000080000000, size: 2048 MB, Compressed Oops mode: 32-bit
Narrow klass base: 0x0000000000000000, Narrow klass shift: 3
Compressed class space size: 1073741824 Address: 0x0000000100000000

Heap:
 garbage-first heap   total 98304K, used 79418K [0x0000000080000000, 0x0000000100000000)
  region size 1024K, 7 young (7168K), 1 survivors (1024K)
 Metaspace       used 88964K, capacity 91142K, committed 91372K, reserved 1128448K
  class space    used 11359K, capacity 12125K, committed 12184K, reserved 1048576K
Heap Regions: E=young(eden), S=young(survivor), O=old, HS=humongous(starts), HC=humongous(continues), CS=collection set, F=free, A=archive, TAMS=top-at-mark-start (previous, next)
|   0|0x0000000080000000, 0x0000000080100000, 0x0000000080100000|100%| O|  |TAMS 0x0000000080100000, 0x0000000080000000| Untracked 
|   1|0x0000000080100000, 0x0000000080200000, 0x0000000080200000|100%| O|  |TAMS 0x0000000080200000, 0x0000000080100000| Untracked 
|   2|0x0000000080200000, 0x0000000080300000, 0x0000000080300000|100%| O|  |TAMS 0x0000000080300000, 0x0000000080200000| Untracked 
|   3|0x0000000080300000, 0x0000000080400000, 0x0000000080400000|100%|HS|  |TAMS 0x0000000080400000, 0x0000000080300000| Complete 
|   4|0x0000000080400000, 0x0000000080500000, 0x0000000080500000|100%|HC|  |TAMS 0x0000000080500000, 0x0000000080400000| Complete 
|   5|0x0000000080500000, 0x0000000080600000, 0x0000000080600000|100%|HC|  |TAMS 0x0000000080600000, 0x0000000080500000| Complete 
|   6|0x0000000080600000, 0x0000000080700000, 0x0000000080700000|100%| O|  |TAMS 0x0000000080700000, 0x0000000080600000| Untracked 
|   7|0x0000000080700000, 0x0000000080800000, 0x0000000080800000|100%| O|  |TAMS 0x0000000080800000, 0x0000000080700000| Untracked 
|   8|0x0000000080800000, 0x0000000080900000, 0x0000000080900000|100%| O|  |TAMS 0x0000000080900000, 0x0000000080800000| Untracked 
|   9|0x0000000080900000, 0x0000000080a00000, 0x0000000080a00000|100%| O|  |TAMS 0x0000000080a00000, 0x0000000080900000| Untracked 
|  10|0x0000000080a00000, 0x0000000080b00000, 0x0000000080b00000|100%| O|  |TAMS 0x0000000080b00000, 0x0000000080a00000| Untracked 
|  11|0x0000000080b00000, 0x0000000080c00000, 0x0000000080c00000|100%| O|  |TAMS 0x0000000080c00000, 0x0000000080b00000| Untracked 
|  12|0x0000000080c00000, 0x0000000080d00000, 0x0000000080d00000|100%| O|  |TAMS 0x0000000080d00000, 0x0000000080c00000| Untracked 
|  13|0x0000000080d00000, 0x0000000080e00000, 0x0000000080e00000|100%| O|  |TAMS 0x0000000080e00000, 0x0000000080d00000| Untracked 
|  14|0x0000000080e00000, 0x0000000080f00000, 0x0000000080f00000|100%| O|  |TAMS 0x0000000080f00000, 0x0000000080e00000| Untracked 
|  15|0x0000000080f00000, 0x0000000081000000, 0x0000000081000000|100%| O|  |TAMS 0x0000000081000000, 0x0000000080f00000| Untracked 
|  16|0x0000000081000000, 0x0000000081100000, 0x0000000081100000|100%| O|  |TAMS 0x0000000081100000, 0x0000000081000000| Untracked 
|  17|0x0000000081100000, 0x0000000081200000, 0x0000000081200000|100%| O|  |TAMS 0x0000000081200000, 0x0000000081100000| Untracked 
|  18|0x0000000081200000, 0x0000000081300000, 0x0000000081300000|100%| O|  |TAMS 0x0000000081300000, 0x0000000081200000| Untracked 
|  19|0x0000000081300000, 0x0000000081400000, 0x0000000081400000|100%|HS|  |TAMS 0x0000000081400000, 0x0000000081300000| Complete 
|  20|0x0000000081400000, 0x0000000081500000, 0x0000000081500000|100%| O|  |TAMS 0x0000000081500000, 0x0000000081400000| Untracked 
|  21|0x0000000081500000, 0x0000000081600000, 0x0000000081600000|100%| O|  |TAMS 0x0000000081600000, 0x0000000081500000| Untracked 
|  22|0x0000000081600000, 0x0000000081700000, 0x0000000081700000|100%|HS|  |TAMS 0x0000000081700000, 0x0000000081600000| Complete 
|  23|0x0000000081700000, 0x0000000081800000, 0x0000000081800000|100%|HC|  |TAMS 0x0000000081800000, 0x0000000081700000| Complete 
|  24|0x0000000081800000, 0x0000000081900000, 0x0000000081900000|100%| O|  |TAMS 0x0000000081900000, 0x0000000081800000| Untracked 
|  25|0x0000000081900000, 0x0000000081a00000, 0x0000000081a00000|100%| O|  |TAMS 0x0000000081a00000, 0x0000000081900000| Untracked 
|  26|0x0000000081a00000, 0x0000000081b00000, 0x0000000081b00000|100%| O|  |TAMS 0x0000000081b00000, 0x0000000081a00000| Untracked 
|  27|0x0000000081b00000, 0x0000000081c00000, 0x0000000081c00000|100%| O|  |TAMS 0x0000000081c00000, 0x0000000081b00000| Untracked 
|  28|0x0000000081c00000, 0x0000000081d00000, 0x0000000081d00000|100%| O|  |TAMS 0x0000000081d00000, 0x0000000081c00000| Untracked 
|  29|0x0000000081d00000, 0x0000000081e00000, 0x0000000081e00000|100%| O|  |TAMS 0x0000000081e00000, 0x0000000081d00000| Untracked 
|  30|0x0000000081e00000, 0x0000000081f00000, 0x0000000081f00000|100%| O|  |TAMS 0x0000000081f00000, 0x0000000081e00000| Untracked 
|  31|0x0000000081f00000, 0x0000000082000000, 0x0000000082000000|100%| O|  |TAMS 0x0000000082000000, 0x0000000081f00000| Untracked 
|  32|0x0000000082000000, 0x0000000082100000, 0x0000000082100000|100%| O|  |TAMS 0x0000000082100000, 0x0000000082000000| Untracked 
|  33|0x0000000082100000, 0x0000000082200000, 0x0000000082200000|100%| O|  |TAMS 0x0000000082200000, 0x0000000082100000| Untracked 
|  34|0x0000000082200000, 0x0000000082300000, 0x0000000082300000|100%| O|  |TAMS 0x0000000082300000, 0x0000000082200000| Untracked 
|  35|0x0000000082300000, 0x0000000082400000, 0x0000000082400000|100%| O|  |TAMS 0x0000000082400000, 0x0000000082300000| Untracked 
|  36|0x0000000082400000, 0x0000000082500000, 0x0000000082500000|100%| O|  |TAMS 0x0000000082500000, 0x0000000082400000| Untracked 
|  37|0x0000000082500000, 0x0000000082600000, 0x0000000082600000|100%| O|  |TAMS 0x0000000082600000, 0x0000000082500000| Untracked 
|  38|0x0000000082600000, 0x0000000082700000, 0x0000000082700000|100%| O|  |TAMS 0x0000000082700000, 0x0000000082600000| Untracked 
|  39|0x0000000082700000, 0x0000000082800000, 0x0000000082800000|100%| O|  |TAMS 0x0000000082800000, 0x0000000082700000| Untracked 
|  40|0x0000000082800000, 0x0000000082900000, 0x0000000082900000|100%| O|  |TAMS 0x0000000082900000, 0x0000000082800000| Untracked 
|  41|0x0000000082900000, 0x0000000082a00000, 0x0000000082a00000|100%| O|  |TAMS 0x0000000082a00000, 0x0000000082900000| Untracked 
|  42|0x0000000082a00000, 0x0000000082b00000, 0x0000000082b00000|100%| O|  |TAMS 0x0000000082b00000, 0x0000000082a00000| Untracked 
|  43|0x0000000082b00000, 0x0000000082c00000, 0x0000000082c00000|100%| O|  |TAMS 0x0000000082c00000, 0x0000000082b00000| Untracked 
|  44|0x0000000082c00000, 0x0000000082d00000, 0x0000000082d00000|100%| O|  |TAMS 0x0000000082d00000, 0x0000000082c00000| Untracked 
|  45|0x0000000082d00000, 0x0000000082e00000, 0x0000000082e00000|100%| O|  |TAMS 0x0000000082e00000, 0x0000000082d00000| Untracked 
|  46|0x0000000082e00000, 0x0000000082f00000, 0x0000000082f00000|100%| O|  |TAMS 0x0000000082f00000, 0x0000000082e00000| Untracked 
|  47|0x0000000082f00000, 0x0000000083000000, 0x0000000083000000|100%| O|  |TAMS 0x0000000083000000, 0x0000000082f00000| Untracked 
|  48|0x0000000083000000, 0x0000000083100000, 0x0000000083100000|100%| O|  |TAMS 0x0000000083100000, 0x0000000083000000| Untracked 
|  49|0x0000000083100000, 0x0000000083200000, 0x0000000083200000|100%| O|  |TAMS 0x0000000083200000, 0x0000000083100000| Untracked 
|  50|0x0000000083200000, 0x0000000083300000, 0x0000000083300000|100%| O|  |TAMS 0x0000000083300000, 0x0000000083200000| Untracked 
|  51|0x0000000083300000, 0x0000000083400000, 0x0000000083400000|100%| O|  |TAMS 0x0000000083400000, 0x0000000083300000| Untracked 
|  52|0x0000000083400000, 0x0000000083500000, 0x0000000083500000|100%| O|  |TAMS 0x0000000083500000, 0x0000000083400000| Untracked 
|  53|0x0000000083500000, 0x0000000083600000, 0x0000000083600000|100%| O|  |TAMS 0x0000000083600000, 0x0000000083500000| Untracked 
|  54|0x0000000083600000, 0x0000000083700000, 0x0000000083700000|100%| O|  |TAMS 0x0000000083700000, 0x0000000083600000| Untracked 
|  55|0x0000000083700000, 0x0000000083700000, 0x0000000083800000|  0%| F|  |TAMS 0x0000000083700000, 0x0000000083700000| Untracked 
|  56|0x0000000083800000, 0x0000000083900000, 0x0000000083900000|100%| O|  |TAMS 0x0000000083900000, 0x0000000083800000| Untracked 
|  57|0x0000000083900000, 0x0000000083a00000, 0x0000000083a00000|100%| O|  |TAMS 0x0000000083a00000, 0x0000000083900000| Untracked 
|  58|0x0000000083a00000, 0x0000000083b00000, 0x0000000083b00000|100%| O|  |TAMS 0x0000000083b00000, 0x0000000083a00000| Untracked 
|  59|0x0000000083b00000, 0x0000000083c00000, 0x0000000083c00000|100%| O|  |TAMS 0x0000000083c00000, 0x0000000083b00000| Untracked 
|  60|0x0000000083c00000, 0x0000000083c00000, 0x0000000083d00000|  0%| F|  |TAMS 0x0000000083c00000, 0x0000000083c00000| Untracked 
|  61|0x0000000083d00000, 0x0000000083e00000, 0x0000000083e00000|100%| O|  |TAMS 0x0000000083e00000, 0x0000000083d00000| Untracked 
|  62|0x0000000083e00000, 0x0000000083f00000, 0x0000000083f00000|100%|HS|  |TAMS 0x0000000083f00000, 0x0000000083e00000| Complete 
|  63|0x0000000083f00000, 0x0000000084000000, 0x0000000084000000|100%|HC|  |TAMS 0x0000000084000000, 0x0000000083f00000| Complete 
|  64|0x0000000084000000, 0x0000000084100000, 0x0000000084100000|100%| O|  |TAMS 0x0000000084100000, 0x0000000084000000| Untracked 
|  65|0x0000000084100000, 0x0000000084200000, 0x0000000084200000|100%| O|  |TAMS 0x0000000084200000, 0x0000000084100000| Untracked 
|  66|0x0000000084200000, 0x0000000084200000, 0x0000000084300000|  0%| F|  |TAMS 0x0000000084200000, 0x0000000084200000| Untracked 
|  67|0x0000000084300000, 0x0000000084400000, 0x0000000084400000|100%| O|  |TAMS 0x0000000084400000, 0x0000000084300000| Untracked 
|  68|0x0000000084400000, 0x0000000084400000, 0x0000000084500000|  0%| F|  |TAMS 0x0000000084400000, 0x0000000084400000| Untracked 
|  69|0x0000000084500000, 0x0000000084600000, 0x0000000084600000|100%| O|  |TAMS 0x0000000084600000, 0x0000000084500000| Untracked 
|  70|0x0000000084600000, 0x0000000084700000, 0x0000000084700000|100%| O|  |TAMS 0x0000000084700000, 0x0000000084600000| Untracked 
|  71|0x0000000084700000, 0x0000000084800000, 0x0000000084800000|100%| O|  |TAMS 0x0000000084800000, 0x0000000084700000| Untracked 
|  72|0x0000000084800000, 0x0000000084900000, 0x0000000084900000|100%| O|  |TAMS 0x0000000084900000, 0x0000000084800000| Untracked 
|  73|0x0000000084900000, 0x0000000084a00000, 0x0000000084a00000|100%| O|  |TAMS 0x0000000084900000, 0x0000000084900000| Untracked 
|  74|0x0000000084a00000, 0x0000000084b00000, 0x0000000084b00000|100%| O|  |TAMS 0x0000000084a00000, 0x0000000084a00000| Untracked 
|  75|0x0000000084b00000, 0x0000000084c00000, 0x0000000084c00000|100%| O|  |TAMS 0x0000000084b00000, 0x0000000084b00000| Untracked 
|  76|0x0000000084c00000, 0x0000000084d00000, 0x0000000084d00000|100%| O|  |TAMS 0x0000000084c00000, 0x0000000084c00000| Untracked 
|  77|0x0000000084d00000, 0x0000000084d50c00, 0x0000000084e00000| 31%| O|  |TAMS 0x0000000084d00000, 0x0000000084d00000| Untracked 
|  78|0x0000000084e00000, 0x0000000084e00000, 0x0000000084f00000|  0%| F|  |TAMS 0x0000000084e00000, 0x0000000084e00000| Untracked 
|  79|0x0000000084f00000, 0x0000000084f00000, 0x0000000085000000|  0%| F|  |TAMS 0x0000000084f00000, 0x0000000084f00000| Untracked 
|  80|0x0000000085000000, 0x0000000085000000, 0x0000000085100000|  0%| F|  |TAMS 0x0000000085000000, 0x0000000085000000| Untracked 
|  81|0x0000000085100000, 0x0000000085100000, 0x0000000085200000|  0%| F|  |TAMS 0x0000000085100000, 0x0000000085100000| Untracked 
|  82|0x0000000085200000, 0x0000000085200000, 0x0000000085300000|  0%| F|  |TAMS 0x0000000085200000, 0x0000000085200000| Untracked 
|  83|0x0000000085300000, 0x0000000085300000, 0x0000000085400000|  0%| F|  |TAMS 0x0000000085300000, 0x0000000085300000| Untracked 
|  84|0x0000000085400000, 0x0000000085400000, 0x0000000085500000|  0%| F|  |TAMS 0x0000000085400000, 0x0000000085400000| Untracked 
|  85|0x0000000085500000, 0x0000000085500000, 0x0000000085600000|  0%| F|  |TAMS 0x0000000085500000, 0x0000000085500000| Untracked 
|  86|0x0000000085600000, 0x0000000085600000, 0x0000000085700000|  0%| F|  |TAMS 0x0000000085600000, 0x0000000085600000| Untracked 
|  87|0x0000000085700000, 0x0000000085700000, 0x0000000085800000|  0%| F|  |TAMS 0x0000000085700000, 0x0000000085700000| Untracked 
|  88|0x0000000085800000, 0x0000000085800000, 0x0000000085900000|  0%| F|  |TAMS 0x0000000085800000, 0x0000000085800000| Untracked 
|  89|0x0000000085900000, 0x00000000859abe98, 0x0000000085a00000| 67%| E|  |TAMS 0x0000000085900000, 0x0000000085900000| Complete 
|  90|0x0000000085a00000, 0x0000000085b00000, 0x0000000085b00000|100%| E|  |TAMS 0x0000000085a00000, 0x0000000085a00000| Complete 
|  91|0x0000000085b00000, 0x0000000085c00000, 0x0000000085c00000|100%| E|CS|TAMS 0x0000000085b00000, 0x0000000085b00000| Complete 
|  92|0x0000000085c00000, 0x0000000085d00000, 0x0000000085d00000|100%| E|CS|TAMS 0x0000000085c00000, 0x0000000085c00000| Complete 
|  93|0x0000000085d00000, 0x0000000085d3df20, 0x0000000085e00000| 24%| S|CS|TAMS 0x0000000085d00000, 0x0000000085d00000| Complete 
|  94|0x0000000085e00000, 0x0000000085f00000, 0x0000000085f00000|100%| E|CS|TAMS 0x0000000085e00000, 0x0000000085e00000| Complete 
|  95|0x0000000085f00000, 0x0000000086000000, 0x0000000086000000|100%| E|CS|TAMS 0x0000000085f00000, 0x0000000085f00000| Complete 

Card table byte_map: [0x0000029959270000,0x0000029959670000] _byte_map_base: 0x0000029958e70000

Marking Bits (Prev, Next): (CMBitMap*) 0x00000299442eba38, (CMBitMap*) 0x00000299442eba70
 Prev Bits: [0x0000029959a70000, 0x000002995ba70000)
 Next Bits: [0x000002995ba70000, 0x000002995da70000)

Polling page: 0x0000029944390000

Metaspace:

Usage:
  Non-class:     77.23 MB capacity,    75.79 MB ( 98%) used,     1.21 MB (  2%) free+waste,   235.56 KB ( <1%) overhead. 
      Class:     11.84 MB capacity,    11.09 MB ( 94%) used,   658.13 KB (  5%) free+waste,   107.06 KB ( <1%) overhead. 
       Both:     89.07 MB capacity,    86.88 MB ( 98%) used,     1.85 MB (  2%) free+waste,   342.63 KB ( <1%) overhead. 

Virtual space:
  Non-class space:       78.00 MB reserved,      77.33 MB (>99%) committed 
      Class space:        1.00 GB reserved,      11.90 MB (  1%) committed 
             Both:        1.08 GB reserved,      89.23 MB (  8%) committed 

Chunk freelists:
   Non-Class:  43.00 KB
       Class:  3.00 KB
        Both:  46.00 KB

MaxMetaspaceSize: 17179869184.00 GB
CompressedClassSpaceSize: 1.00 GB

CodeHeap 'non-profiled nmethods': size=120000Kb used=5966Kb max_used=5966Kb free=114033Kb
 bounds [0x0000029950ed0000, 0x00000299514b0000, 0x0000029958400000]
CodeHeap 'profiled nmethods': size=120000Kb used=24663Kb max_used=24663Kb free=95337Kb
 bounds [0x00000299499a0000, 0x000002994b1c0000, 0x0000029950ed0000]
CodeHeap 'non-nmethods': size=5760Kb used=2278Kb max_used=2322Kb free=3481Kb
 bounds [0x0000029949400000, 0x0000029949670000, 0x00000299499a0000]
 total_blobs=11988 nmethods=11106 adapters=793
 compilation: enabled
              stopped_count=0, restarted_count=0
 full_count=0

Compilation events (20 events):
Event: 59.289 Thread 0x0000029967085800 nmethod 11283 0x0000029951498590 code [0x0000029951498740, 0x00000299514987f8]
Event: 59.289 Thread 0x0000029967085800 11266       4       jdk.internal.org.objectweb.asm.ByteVector::putByteArray (49 bytes)
Event: 59.290 Thread 0x0000029960554000 nmethod 11270 0x0000029951498890 code [0x0000029951498aa0, 0x0000029951499ab8]
Event: 59.291 Thread 0x0000029967085800 nmethod 11266 0x000002995149a110 code [0x000002995149a2a0, 0x000002995149a3f8]
Event: 59.304 Thread 0x0000029960554000 11284       4       java.net.URLClassLoader$1::run (5 bytes)
Event: 59.305 Thread 0x0000029967085800 11285       4       com.esotericsoftware.kryo.io.Input::require (220 bytes)
Event: 59.311 Thread 0x000002996055b800 11290       3       it.unimi.dsi.fastutil.ints.IntOpenHashSet::add (120 bytes)
Event: 59.311 Thread 0x0000029967085800 nmethod 11285 0x000002995149a510 code [0x000002995149a6c0, 0x000002995149aa18]
Event: 59.311 Thread 0x000002996055b800 nmethod 11290 0x000002994b14bd90 code [0x000002994b14bf80, 0x000002994b14c478]
Event: 59.311 Thread 0x0000029967085800 11287       4       com.google.common.collect.ImmutableSet::construct (252 bytes)
Event: 59.311 Thread 0x000002996055b800 11291       3       it.unimi.dsi.fastutil.HashCommon::mix (12 bytes)
Event: 59.312 Thread 0x000002996055b800 nmethod 11291 0x000002994b14c690 code [0x000002994b14c840, 0x000002994b14c938]
Event: 59.330 Thread 0x0000029967085800 nmethod 11287 0x000002995149ad10 code [0x000002995149af20, 0x000002995149bcf8]
Event: 59.330 Thread 0x0000029967085800 11292       4       java.lang.Integer::equals (29 bytes)
Event: 59.331 Thread 0x0000029967085800 nmethod 11292 0x000002995149c410 code [0x000002995149c5a0, 0x000002995149c658]
Event: 59.331 Thread 0x0000029967085800 11286       4       org.gradle.api.internal.tasks.compile.incremental.deps.ClassSetAnalysisData$Serializer::readClassName (63 bytes)
Event: 59.350 Thread 0x000002996055b800 11293       3       java.lang.Math::ceil (5 bytes)
Event: 59.350 Thread 0x000002996055b800 nmethod 11293 0x000002994b14ca10 code [0x000002994b14cc00, 0x000002994b14cd88]
Event: 59.350 Thread 0x000002996055b800 11294       3       java.lang.Math::getExponent (17 bytes)
Event: 59.350 Thread 0x000002996055b800 nmethod 11294 0x000002994b14ce90 code [0x000002994b14d040, 0x000002994b14d158]

GC Heap History (20 events):
Event: 54.885 GC heap before
{Heap before GC invocations=32 (full 0):
 garbage-first heap   total 98304K, used 80346K [0x0000000080000000, 0x0000000100000000)
  region size 1024K, 23 young (23552K), 4 survivors (4096K)
 Metaspace       used 78507K, capacity 80440K, committed 80748K, reserved 1120256K
  class space    used 10136K, capacity 10812K, committed 11032K, reserved 1048576K
}
Event: 54.902 GC heap after
{Heap after GC invocations=33 (full 0):
 garbage-first heap   total 98304K, used 64368K [0x0000000080000000, 0x0000000100000000)
  region size 1024K, 3 young (3072K), 3 survivors (3072K)
 Metaspace       used 78507K, capacity 80440K, committed 80748K, reserved 1120256K
  class space    used 10136K, capacity 10812K, committed 11032K, reserved 1048576K
}
Event: 55.223 GC heap before
{Heap before GC invocations=34 (full 0):
 garbage-first heap   total 98304K, used 80752K [0x0000000080000000, 0x0000000100000000)
  region size 1024K, 21 young (21504K), 3 survivors (3072K)
 Metaspace       used 78835K, capacity 80782K, committed 81004K, reserved 1120256K
  class space    used 10171K, capacity 10861K, committed 11032K, reserved 1048576K
}
Event: 55.227 GC heap after
{Heap after GC invocations=35 (full 0):
 garbage-first heap   total 98304K, used 64400K [0x0000000080000000, 0x0000000100000000)
  region size 1024K, 2 young (2048K), 2 survivors (2048K)
 Metaspace       used 78835K, capacity 80782K, committed 81004K, reserved 1120256K
  class space    used 10171K, capacity 10861K, committed 11032K, reserved 1048576K
}
Event: 55.488 GC heap before
{Heap before GC invocations=35 (full 0):
 garbage-first heap   total 98304K, used 80784K [0x0000000080000000, 0x0000000100000000)
  region size 1024K, 19 young (19456K), 2 survivors (2048K)
 Metaspace       used 78998K, capacity 80948K, committed 81260K, reserved 1120256K
  class space    used 10180K, capacity 10894K, committed 11032K, reserved 1048576K
}
Event: 55.491 GC heap after
{Heap after GC invocations=36 (full 0):
 garbage-first heap   total 98304K, used 63737K [0x0000000080000000, 0x0000000100000000)
  region size 1024K, 1 young (1024K), 1 survivors (1024K)
 Metaspace       used 78998K, capacity 80948K, committed 81260K, reserved 1120256K
  class space    used 10180K, capacity 10894K, committed 11032K, reserved 1048576K
}
Event: 56.236 GC heap before
{Heap before GC invocations=37 (full 0):
 garbage-first heap   total 98304K, used 81145K [0x0000000080000000, 0x0000000100000000)
  region size 1024K, 19 young (19456K), 1 survivors (1024K)
 Metaspace       used 79447K, capacity 81429K, committed 81772K, reserved 1120256K
  class space    used 10229K, capacity 10939K, committed 11032K, reserved 1048576K
}
Event: 56.238 GC heap after
{Heap after GC invocations=38 (full 0):
 garbage-first heap   total 98304K, used 63852K [0x0000000080000000, 0x0000000100000000)
  region size 1024K, 1 young (1024K), 1 survivors (1024K)
 Metaspace       used 79447K, capacity 81429K, committed 81772K, reserved 1120256K
  class space    used 10229K, capacity 10939K, committed 11032K, reserved 1048576K
}
Event: 56.891 GC heap before
{Heap before GC invocations=38 (full 0):
 garbage-first heap   total 98304K, used 81260K [0x0000000080000000, 0x0000000100000000)
  region size 1024K, 19 young (19456K), 1 survivors (1024K)
 Metaspace       used 82956K, capacity 84999K, committed 85100K, reserved 1122304K
  class space    used 10725K, capacity 11465K, committed 11544K, reserved 1048576K
}
Event: 56.895 GC heap after
{Heap after GC invocations=39 (full 0):
 garbage-first heap   total 98304K, used 64634K [0x0000000080000000, 0x0000000100000000)
  region size 1024K, 2 young (2048K), 2 survivors (2048K)
 Metaspace       used 82956K, capacity 84999K, committed 85100K, reserved 1122304K
  class space    used 10725K, capacity 11465K, committed 11544K, reserved 1048576K
}
Event: 57.374 GC heap before
{Heap before GC invocations=40 (full 0):
 garbage-first heap   total 98304K, used 74874K [0x0000000080000000, 0x0000000100000000)
  region size 1024K, 14 young (14336K), 2 survivors (2048K)
 Metaspace       used 86002K, capacity 88075K, committed 88300K, reserved 1126400K
  class space    used 11065K, capacity 11790K, committed 11928K, reserved 1048576K
}
Event: 57.382 GC heap after
{Heap after GC invocations=41 (full 0):
 garbage-first heap   total 98304K, used 65171K [0x0000000080000000, 0x0000000100000000)
  region size 1024K, 2 young (2048K), 2 survivors (2048K)
 Metaspace       used 86002K, capacity 88075K, committed 88300K, reserved 1126400K
  class space    used 11065K, capacity 11790K, committed 11928K, reserved 1048576K
}
Event: 57.980 GC heap before
{Heap before GC invocations=42 (full 0):
 garbage-first heap   total 98304K, used 83603K [0x0000000080000000, 0x0000000100000000)
  region size 1024K, 19 young (19456K), 2 survivors (2048K)
 Metaspace       used 86553K, capacity 88634K, committed 88812K, reserved 1126400K
  class space    used 11111K, capacity 11869K, committed 11928K, reserved 1048576K
}
Event: 57.990 GC heap after
{Heap after GC invocations=43 (full 0):
 garbage-first heap   total 98304K, used 71853K [0x0000000080000000, 0x0000000100000000)
  region size 1024K, 3 young (3072K), 3 survivors (3072K)
 Metaspace       used 86553K, capacity 88634K, committed 88812K, reserved 1126400K
  class space    used 11111K, capacity 11869K, committed 11928K, reserved 1048576K
}
Event: 58.653 GC heap before
{Heap before GC invocations=43 (full 0):
 garbage-first heap   total 98304K, used 83117K [0x0000000080000000, 0x0000000100000000)
  region size 1024K, 14 young (14336K), 3 survivors (3072K)
 Metaspace       used 87423K, capacity 89497K, committed 89708K, reserved 1126400K
  class space    used 11219K, capacity 11984K, committed 12056K, reserved 1048576K
}
Event: 58.661 GC heap after
{Heap after GC invocations=44 (full 0):
 garbage-first heap   total 98304K, used 74571K [0x0000000080000000, 0x0000000100000000)
  region size 1024K, 2 young (2048K), 2 survivors (2048K)
 Metaspace       used 87423K, capacity 89497K, committed 89708K, reserved 1126400K
  class space    used 11219K, capacity 11984K, committed 12056K, reserved 1048576K
}
Event: 59.099 GC heap before
{Heap before GC invocations=45 (full 0):
 garbage-first heap   total 98304K, used 83787K [0x0000000080000000, 0x0000000100000000)
  region size 1024K, 11 young (11264K), 2 survivors (2048K)
 Metaspace       used 88178K, capacity 90360K, committed 90604K, reserved 1128448K
  class space    used 11272K, capacity 12056K, committed 12184K, reserved 1048576K
}
Event: 59.103 GC heap after
{Heap after GC invocations=46 (full 0):
 garbage-first heap   total 98304K, used 75482K [0x0000000080000000, 0x0000000100000000)
  region size 1024K, 1 young (1024K), 1 survivors (1024K)
 Metaspace       used 88178K, capacity 90360K, committed 90604K, reserved 1128448K
  class space    used 11272K, capacity 12056K, committed 12184K, reserved 1048576K
}
Event: 59.344 GC heap before
{Heap before GC invocations=46 (full 0):
 garbage-first heap   total 98304K, used 83674K [0x0000000080000000, 0x0000000100000000)
  region size 1024K, 9 young (9216K), 1 survivors (1024K)
 Metaspace       used 88644K, capacity 90775K, committed 91116K, reserved 1128448K
  class space    used 11327K, capacity 12089K, committed 12184K, reserved 1048576K
}
Event: 59.349 GC heap after
{Heap after GC invocations=47 (full 0):
 garbage-first heap   total 98304K, used 76800K [0x0000000080000000, 0x0000000100000000)
  region size 1024K, 2 young (2048K), 2 survivors (2048K)
 Metaspace       used 88644K, capacity 90775K, committed 91116K, reserved 1128448K
  class space    used 11327K, capacity 12089K, committed 12184K, reserved 1048576K
}

Deoptimization events (20 events):
Event: 58.954 Thread 0x000002996651b800 Uncommon trap: trap_request=0xffffff4d fr.pc=0x000002995147b0f0 relative=0x0000000000000490
Event: 58.954 Thread 0x000002996651b800 Uncommon trap: reason=unstable_if action=reinterpret pc=0x000002995147b0f0 method=com.sun.tools.javac.code.Type$ClassType.isParameterized()Z @ 7 c2
Event: 58.954 Thread 0x000002996651b800 DEOPT PACKING pc=0x000002995147b0f0 sp=0x000000a5d59f8a40
Event: 58.954 Thread 0x000002996651b800 DEOPT UNPACKING pc=0x00000299494274af sp=0x000000a5d59f8a18 mode 2
Event: 58.961 Thread 0x000002996651b800 Uncommon trap: trap_request=0xffffff4d fr.pc=0x0000029951472178 relative=0x0000000000000918
Event: 58.961 Thread 0x000002996651b800 Uncommon trap: reason=unstable_if action=reinterpret pc=0x0000029951472178 method=com.sun.tools.javac.code.Types$15.visitClassType(Lcom/sun/tools/javac/code/Type$ClassType;Ljava/lang/Void;)Lcom/sun/tools/javac/code/Type; @ 75 c2
Event: 58.961 Thread 0x000002996651b800 DEOPT PACKING pc=0x0000029951472178 sp=0x000000a5d59f8500
Event: 58.961 Thread 0x000002996651b800 DEOPT UNPACKING pc=0x00000299494274af sp=0x000000a5d59f84d0 mode 2
Event: 58.973 Thread 0x000002996651b800 Uncommon trap: trap_request=0xffffff4d fr.pc=0x00000299514637c0 relative=0x0000000000000a00
Event: 58.973 Thread 0x000002996651b800 Uncommon trap: reason=unstable_if action=reinterpret pc=0x00000299514637c0 method=com.sun.tools.javac.code.Types$16.visitClassType(Lcom/sun/tools/javac/code/Type$ClassType;Ljava/lang/Void;)Lcom/sun/tools/javac/util/List; @ 67 c2
Event: 58.973 Thread 0x000002996651b800 DEOPT PACKING pc=0x00000299514637c0 sp=0x000000a5d59f8430
Event: 58.973 Thread 0x000002996651b800 DEOPT UNPACKING pc=0x00000299494274af sp=0x000000a5d59f83a0 mode 2
Event: 59.071 Thread 0x000002996651b800 Uncommon trap: trap_request=0xffffffde fr.pc=0x000002995144d508 relative=0x0000000000000ce8
Event: 59.071 Thread 0x000002996651b800 Uncommon trap: reason=class_check action=maybe_recompile pc=0x000002995144d508 method=com.sun.tools.javac.code.Scope$ScopeListenerList.walkReferences(Lcom/sun/tools/javac/code/Symbol;Lcom/sun/tools/javac/code/Scope;Z)V @ 20 c2
Event: 59.071 Thread 0x000002996651b800 DEOPT PACKING pc=0x000002995144d508 sp=0x000000a5d59f9840
Event: 59.071 Thread 0x000002996651b800 DEOPT UNPACKING pc=0x00000299494274af sp=0x000000a5d59f9710 mode 2
Event: 59.072 Thread 0x000002996651b800 Uncommon trap: trap_request=0xffffffde fr.pc=0x000002995144f088 relative=0x00000000000001c8
Event: 59.072 Thread 0x000002996651b800 Uncommon trap: reason=class_check action=maybe_recompile pc=0x000002995144f088 method=com.sun.tools.javac.code.Scope$ScopeListenerList.walkReferences(Lcom/sun/tools/javac/code/Symbol;Lcom/sun/tools/javac/code/Scope;Z)V @ 20 c2
Event: 59.072 Thread 0x000002996651b800 DEOPT PACKING pc=0x000002995144f088 sp=0x000000a5d59f8b30
Event: 59.072 Thread 0x000002996651b800 DEOPT UNPACKING pc=0x00000299494274af sp=0x000000a5d59f8a68 mode 2

Classes redefined (0 events):
No events

Internal exceptions (20 events):
Event: 58.787 Thread 0x000002996651b800 Exception <a 'sun/nio/fs/WindowsException'{0x0000000085c00c30}> (0x0000000085c00c30) thrown at [./src/hotspot/share/prims/jni.cpp, line 615]
Event: 58.788 Thread 0x000002996651b800 Exception <a 'sun/nio/fs/WindowsException'{0x0000000085c01b48}> (0x0000000085c01b48) thrown at [./src/hotspot/share/prims/jni.cpp, line 615]
Event: 58.790 Thread 0x000002996651b800 Exception <a 'sun/nio/fs/WindowsException'{0x0000000085c02aa0}> (0x0000000085c02aa0) thrown at [./src/hotspot/share/prims/jni.cpp, line 615]
Event: 58.791 Thread 0x000002996651b800 Exception <a 'sun/nio/fs/WindowsException'{0x0000000085c02bf0}> (0x0000000085c02bf0) thrown at [./src/hotspot/share/prims/jni.cpp, line 615]
Event: 58.793 Thread 0x000002996651b800 Exception <a 'sun/nio/fs/WindowsException'{0x0000000085c048a8}> (0x0000000085c048a8) thrown at [./src/hotspot/share/prims/jni.cpp, line 615]
Event: 58.793 Thread 0x000002996651b800 Exception <a 'sun/nio/fs/WindowsException'{0x0000000085c049e8}> (0x0000000085c049e8) thrown at [./src/hotspot/share/prims/jni.cpp, line 615]
Event: 58.794 Thread 0x000002996651b800 Exception <a 'sun/nio/fs/WindowsException'{0x0000000085c06698}> (0x0000000085c06698) thrown at [./src/hotspot/share/prims/jni.cpp, line 615]
Event: 58.811 Thread 0x000002996651b800 Exception <a 'sun/nio/fs/WindowsException'{0x0000000085c301c8}> (0x0000000085c301c8) thrown at [./src/hotspot/share/prims/jni.cpp, line 615]
Event: 58.814 Thread 0x000002996651b800 Exception <a 'sun/nio/fs/WindowsException'{0x0000000085c36ff8}> (0x0000000085c36ff8) thrown at [./src/hotspot/share/prims/jni.cpp, line 615]
Event: 58.828 Thread 0x000002996651b800 Exception <a 'sun/nio/fs/WindowsException'{0x0000000085c52778}> (0x0000000085c52778) thrown at [./src/hotspot/share/prims/jni.cpp, line 615]
Event: 58.884 Thread 0x000002996651b800 Exception <a 'sun/nio/fs/WindowsException'{0x0000000085a78a70}> (0x0000000085a78a70) thrown at [./src/hotspot/share/prims/jni.cpp, line 615]
Event: 58.905 Thread 0x000002996651b800 Exception <a 'sun/nio/fs/WindowsException'{0x0000000085a98c28}> (0x0000000085a98c28) thrown at [./src/hotspot/share/prims/jni.cpp, line 615]
Event: 59.073 Thread 0x000002996651b800 Exception <a 'sun/nio/fs/WindowsException'{0x00000000857b7f88}> (0x00000000857b7f88) thrown at [./src/hotspot/share/prims/jni.cpp, line 615]
Event: 59.086 Thread 0x000002996651b800 Exception <a 'sun/nio/fs/WindowsException'{0x00000000857c1b10}> (0x00000000857c1b10) thrown at [./src/hotspot/share/prims/jni.cpp, line 615]
Event: 59.091 Thread 0x000002996651b800 Exception <a 'sun/nio/fs/WindowsException'{0x00000000857c9538}> (0x00000000857c9538) thrown at [./src/hotspot/share/prims/jni.cpp, line 615]
Event: 59.095 Thread 0x000002996651b800 Exception <a 'sun/nio/fs/WindowsException'{0x00000000857d3270}> (0x00000000857d3270) thrown at [./src/hotspot/share/prims/jni.cpp, line 615]
Event: 59.138 Thread 0x000002996651b800 Exception <a 'sun/nio/fs/WindowsException'{0x0000000085d0a9d0}> (0x0000000085d0a9d0) thrown at [./src/hotspot/share/prims/jni.cpp, line 615]
Event: 59.140 Thread 0x000002996651b800 Exception <a 'sun/nio/fs/WindowsException'{0x0000000085d12508}> (0x0000000085d12508) thrown at [./src/hotspot/share/prims/jni.cpp, line 615]
Event: 59.143 Thread 0x000002996651b800 Exception <a 'sun/nio/fs/WindowsException'{0x0000000085d1c678}> (0x0000000085d1c678) thrown at [./src/hotspot/share/prims/jni.cpp, line 615]
Event: 59.147 Thread 0x000002996651b800 Exception <a 'sun/nio/fs/WindowsException'{0x0000000085d29340}> (0x0000000085d29340) thrown at [./src/hotspot/share/prims/jni.cpp, line 615]

Events (20 events):
Event: 59.350 loading class org/apache/tools/zip/ZipEncodingHelper$SimpleEncodingHolder
Event: 59.350 loading class org/apache/tools/zip/ZipEncodingHelper$SimpleEncodingHolder done
Event: 59.350 loading class org/apache/tools/zip/FallbackZipEncoding
Event: 59.350 loading class org/apache/tools/zip/FallbackZipEncoding done
Event: 59.362 loading class org/apache/tools/zip/ZipFile$OffsetEntry
Event: 59.362 loading class org/apache/tools/zip/ZipFile$OffsetEntry done
Event: 59.363 loading class org/apache/tools/zip/GeneralPurposeBit
Event: 59.363 loading class org/apache/tools/zip/GeneralPurposeBit done
Event: 59.366 loading class org/apache/tools/zip/ZipShort
Event: 59.366 loading class org/apache/tools/zip/ZipShort done
Event: 59.367 loading class org/apache/tools/zip/ZipUtil
Event: 59.367 loading class org/apache/tools/zip/ZipUtil done
Event: 59.368 loading class org/apache/tools/zip/UnsupportedZipFeatureException
Event: 59.368 loading class org/apache/tools/zip/UnsupportedZipFeatureException done
Event: 59.380 loading class org/apache/tools/zip/AbstractUnicodeExtraField
Event: 59.380 loading class org/apache/tools/zip/AbstractUnicodeExtraField done
Event: 59.383 loading class org/apache/tools/zip/UnicodePathExtraField
Event: 59.383 loading class org/apache/tools/zip/UnicodePathExtraField done
Event: 59.384 loading class org/apache/tools/zip/UnicodeCommentExtraField
Event: 59.384 loading class org/apache/tools/zip/UnicodeCommentExtraField done


Dynamic libraries:
0x00007ff75de90000 - 0x00007ff75de9a000 	C:\Program Files\Android\Android Studio\jre\bin\java.exe
0x00007ffee3010000 - 0x00007ffee3205000 	C:\WINDOWS\SYSTEM32\ntdll.dll
0x00007ffee28c0000 - 0x00007ffee297d000 	C:\WINDOWS\System32\KERNEL32.DLL
0x00007ffee0a70000 - 0x00007ffee0d38000 	C:\WINDOWS\System32\KERNELBASE.dll
0x00007ffee0ed0000 - 0x00007ffee0fd0000 	C:\WINDOWS\System32\ucrtbase.dll
0x00007ffeb9740000 - 0x00007ffeb9759000 	C:\Program Files\Android\Android Studio\jre\bin\jli.dll
0x00007ffeb9d60000 - 0x00007ffeb9d77000 	C:\Program Files\Android\Android Studio\jre\bin\VCRUNTIME140.dll
0x00007ffee2e30000 - 0x00007ffee2fd0000 	C:\WINDOWS\System32\USER32.dll
0x00007ffee0d40000 - 0x00007ffee0d62000 	C:\WINDOWS\System32\win32u.dll
0x00007ffeca620000 - 0x00007ffeca8ba000 	C:\WINDOWS\WinSxS\amd64_microsoft.windows.common-controls_6595b64144ccf1df_6.0.19041.844_none_ca00b6081b84eb1d\COMCTL32.dll
0x00007ffee29a0000 - 0x00007ffee29ca000 	C:\WINDOWS\System32\GDI32.dll
0x00007ffee0750000 - 0x00007ffee085b000 	C:\WINDOWS\System32\gdi32full.dll
0x00007ffee0fd0000 - 0x00007ffee106d000 	C:\WINDOWS\System32\msvcp_win.dll
0x00007ffee2310000 - 0x00007ffee23ae000 	C:\WINDOWS\System32\msvcrt.dll
0x00007ffee2280000 - 0x00007ffee22b0000 	C:\WINDOWS\System32\IMM32.DLL
0x00007ffea3250000 - 0x00007ffea32ed000 	C:\Program Files\Android\Android Studio\jre\bin\msvcp140.dll
0x00007ffe80a20000 - 0x00007ffe814dc000 	C:\Program Files\Android\Android Studio\jre\bin\server\jvm.dll
0x00007ffee27a0000 - 0x00007ffee284c000 	C:\WINDOWS\System32\ADVAPI32.dll
0x00007ffee18f0000 - 0x00007ffee198b000 	C:\WINDOWS\System32\sechost.dll
0x00007ffee2610000 - 0x00007ffee273b000 	C:\WINDOWS\System32\RPCRT4.dll
0x00007ffee28b0000 - 0x00007ffee28b8000 	C:\WINDOWS\System32\PSAPI.DLL
0x00007ffeda780000 - 0x00007ffeda789000 	C:\WINDOWS\SYSTEM32\WSOCK32.dll
0x00007ffed82c0000 - 0x00007ffed82ca000 	C:\WINDOWS\SYSTEM32\VERSION.dll
0x00007ffed3970000 - 0x00007ffed3997000 	C:\WINDOWS\SYSTEM32\WINMM.dll
0x00007ffee29d0000 - 0x00007ffee2a3b000 	C:\WINDOWS\System32\WS2_32.dll
0x00007ffedf020000 - 0x00007ffedf032000 	C:\WINDOWS\SYSTEM32\kernel.appcore.dll
0x00007ffed8960000 - 0x00007ffed8971000 	C:\Program Files\Android\Android Studio\jre\bin\verify.dll
0x00007ffedee00000 - 0x00007ffedefe4000 	C:\WINDOWS\SYSTEM32\DBGHELP.DLL
0x00007ffec7680000 - 0x00007ffec76ac000 	C:\WINDOWS\SYSTEM32\dbgcore.DLL
0x00007ffee0dc0000 - 0x00007ffee0e40000 	C:\WINDOWS\System32\bcryptPrimitives.dll
0x00007ffed86f0000 - 0x00007ffed8719000 	C:\Program Files\Android\Android Studio\jre\bin\java.dll
0x00007ffeda4c0000 - 0x00007ffeda4cb000 	C:\Program Files\Android\Android Studio\jre\bin\jimage.dll
0x00007ffed8880000 - 0x00007ffed8898000 	C:\Program Files\Android\Android Studio\jre\bin\zip.dll
0x00007ffee11a0000 - 0x00007ffee18e2000 	C:\WINDOWS\System32\SHELL32.dll
0x00007ffede570000 - 0x00007ffeded00000 	C:\WINDOWS\SYSTEM32\windows.storage.dll
0x00007ffee2a40000 - 0x00007ffee2d95000 	C:\WINDOWS\System32\combase.dll
0x00007ffee00f0000 - 0x00007ffee011c000 	C:\WINDOWS\SYSTEM32\Wldp.dll
0x00007ffee1990000 - 0x00007ffee1a3e000 	C:\WINDOWS\System32\SHCORE.dll
0x00007ffee22b0000 - 0x00007ffee2305000 	C:\WINDOWS\System32\shlwapi.dll
0x00007ffee0690000 - 0x00007ffee06af000 	C:\WINDOWS\SYSTEM32\profapi.dll
0x00007ffed6d00000 - 0x00007ffed6d1a000 	C:\Program Files\Android\Android Studio\jre\bin\net.dll
0x00007ffece700000 - 0x00007ffece80b000 	C:\WINDOWS\SYSTEM32\WINHTTP.dll
0x00007ffedfe60000 - 0x00007ffedfeca000 	C:\WINDOWS\system32\mswsock.dll
0x00007ffed6ce0000 - 0x00007ffed6cf4000 	C:\Program Files\Android\Android Studio\jre\bin\nio.dll
0x00007ffed8740000 - 0x00007ffed8767000 	C:\Users\HP\.gradle\native\f6784746aeab05261644944871eae4fe03e0ef1612fff0a4a95f87b438bc6780\windows-amd64\native-platform.dll
0x00007ffed9ee0000 - 0x00007ffed9eea000 	C:\Program Files\Android\Android Studio\jre\bin\management.dll
0x00007ffed9250000 - 0x00007ffed925c000 	C:\Program Files\Android\Android Studio\jre\bin\management_ext.dll
0x00007ffee0030000 - 0x00007ffee0048000 	C:\WINDOWS\SYSTEM32\CRYPTSP.dll
0x00007ffedf800000 - 0x00007ffedf834000 	C:\WINDOWS\system32\rsaenh.dll
0x00007ffee0ea0000 - 0x00007ffee0ec7000 	C:\WINDOWS\System32\bcrypt.dll
0x00007ffee0650000 - 0x00007ffee067e000 	C:\WINDOWS\SYSTEM32\USERENV.dll
0x00007ffee0050000 - 0x00007ffee005c000 	C:\WINDOWS\SYSTEM32\CRYPTBASE.dll
0x00007ffedfb50000 - 0x00007ffedfb8b000 	C:\WINDOWS\SYSTEM32\IPHLPAPI.DLL
0x00007ffee2600000 - 0x00007ffee2608000 	C:\WINDOWS\System32\NSI.dll
0x00007ffeded20000 - 0x00007ffeded37000 	C:\WINDOWS\SYSTEM32\dhcpcsvc6.DLL
0x00007ffeded00000 - 0x00007ffeded1d000 	C:\WINDOWS\SYSTEM32\dhcpcsvc.DLL
0x00007ffedfb90000 - 0x00007ffedfc5c000 	C:\WINDOWS\SYSTEM32\DNSAPI.dll
0x00007ffed8280000 - 0x00007ffed828b000 	C:\WINDOWS\SYSTEM32\WINNSI.DLL
0x00007ffeddbc0000 - 0x00007ffeddc50000 	C:\WINDOWS\system32\apphelp.dll

dbghelp: loaded successfully - version: 4.0.5 - missing functions: none
symbol engine: initialized successfully - sym options: 0x614 - pdb path: .;C:\Program Files\Android\Android Studio\jre\bin;C:\WINDOWS\SYSTEM32;C:\WINDOWS\WinSxS\amd64_microsoft.windows.common-controls_6595b64144ccf1df_6.0.19041.844_none_ca00b6081b84eb1d;C:\Program Files\Android\Android Studio\jre\bin\server;C:\Users\HP\.gradle\native\f6784746aeab05261644944871eae4fe03e0ef1612fff0a4a95f87b438bc6780\windows-amd64

VM Arguments:
jvm_args: --add-opens=java.base/java.util=ALL-UNNAMED --add-opens=java.base/java.lang=ALL-UNNAMED --add-opens=java.base/java.lang.invoke=ALL-UNNAMED --add-opens=java.prefs/java.util.prefs=ALL-UNNAMED -Xmx2048m -Dfile.encoding=UTF-8 -Duser.country=ID -Duser.language=en -Duser.variant 
java_command: org.gradle.launcher.daemon.bootstrap.GradleDaemon 6.5
java_class_path (initial): C:\Users\HP\.gradle\wrapper\dists\gradle-6.5-bin\6nifqtx7604sqp1q6g8wikw7p\gradle-6.5\lib\gradle-launcher-6.5.jar
Launcher Type: SUN_STANDARD

[Global flags]
     intx CICompilerCount                          = 4                                         {product} {ergonomic}
     uint ConcGCThreads                            = 2                                         {product} {ergonomic}
     uint G1ConcRefinementThreads                  = 8                                         {product} {ergonomic}
   size_t G1HeapRegionSize                         = 1048576                                   {product} {ergonomic}
    uintx GCDrainStackTargetSize                   = 64                                        {product} {ergonomic}
   size_t InitialHeapSize                          = 100663296                                 {product} {ergonomic}
   size_t MarkStackSize                            = 4194304                                   {product} {ergonomic}
   size_t MaxHeapSize                              = 2147483648                                {product} {command line}
   size_t MaxNewSize                               = 1287651328                                {product} {ergonomic}
   size_t MinHeapDeltaBytes                        = 1048576                                   {product} {ergonomic}
    uintx NonNMethodCodeHeapSize                   = 5836300                                {pd product} {ergonomic}
    uintx NonProfiledCodeHeapSize                  = 122910970                              {pd product} {ergonomic}
    uintx ProfiledCodeHeapSize                     = 122910970                              {pd product} {ergonomic}
    uintx ReservedCodeCacheSize                    = 251658240                              {pd product} {ergonomic}
     bool SegmentedCodeCache                       = true                                      {product} {ergonomic}
     bool UseCompressedClassPointers               = true                                 {lp64_product} {ergonomic}
     bool UseCompressedOops                        = true                                 {lp64_product} {ergonomic}
     bool UseG1GC                                  = true                                      {product} {ergonomic}
     bool UseLargePagesIndividualAllocation        = false                                  {pd product} {ergonomic}

Logging:
Log output configuration:
 #0: stdout all=warning uptime,level,tags
 #1: stderr all=off uptime,level,tags

Environment Variables:
PATH=C:\Program Files\Common Files\Oracle\Java\javapath;C:\Program Files (x86)\Common Files\Oracle\Java\javapath;C:\Program Files (x86)\Common Files\Intel\Shared Files\cpp\bin\Intel64;C:\WINDOWS\system32;C:\WINDOWS;C:\WINDOWS\System32\Wbem;C:\WINDOWS\System32\WindowsPowerShell\v1.0\;C:\WINDOWS\System32\OpenSSH\;C:\Program Files\Java\jdk1.8.0_231\bin;C:\xampp\php;C:\ProgramData\ComposerSetup\bin;C:\Program Files\Git\cmd;C:\Program Files\nodejs\;C:\flutter\bin;C:\Users\HP\AppData\Local\Microsoft\WindowsApps;C:\Users\HP\AppData\Local\Programs\Microsoft VS Code\bin;C:\Users\HP\AppData\Roaming\Composer\vendor\bin;C:\Users\HP\AppData\Roaming\npm;C:\flutter\bin;C:\Users\HP\AppData\Local\GitHubDesktop\bin;D:\aircrack\aircrack-ng-1.6-win\bin;
USERNAME=HP
OS=Windows_NT
PROCESSOR_IDENTIFIER=AMD64 Family 23 Model 24 Stepping 1, AuthenticAMD



---------------  S Y S T E M  ---------------

OS: Windows 10 , 64 bit Build 19041 (10.0.19041.928)
OS uptime: 0 days 20:35 hours

CPU:total 8 (initial active 8) (8 cores per cpu, 2 threads per core) family 23 model 24 stepping 1, cmov, cx8, fxsr, mmx, sse, sse2, sse3, ssse3, sse4.1, sse4.2, popcnt, avx, avx2, aes, clmul, mmxext, 3dnowpref, lzcnt, sse4a, ht, tsc, tscinvbit, tscinv, bmi1, bmi2, adx, sha, fma

Memory: 4k page, system-wide physical 6058M (427M free)
TotalPageFile size 9245M (AvailPageFile size 0M)
current process WorkingSet (physical memory assigned to process): 338M, peak: 338M
current process commit charge ("private bytes"): 386M, peak: 386M

vm_info: OpenJDK 64-Bit Server VM (11.0.8+10-b944.6842174) for windows-amd64 JRE (11.0.8+10-b944.6842174), built on Sep 19 2020 01:11:42 by "builder" with MS VC++ 14.0 (VS2015)

END.
